Arguments: 
  /usr/local/bin/node /usr/local/bin/yarn add --dev gulp

PATH: 
  /usr/bin:/bin:/usr/sbin:/sbin:/usr/local/bin:/opt/X11/bin

Yarn version: 
  0.16.1

Node version: 
  7.0.0

Platform: 
  darwin x64

npm manifest: 
  {
    "name": "FengShangShengDian",
    "version": "1.0.0",
    "description": "FengShangShengDian2016",
    "main": "gulpfile.js",
    "devDependencies": {
      "autoprefixer": "^6.3.7",
      "babel-eslint": "^6.1.2",
      "babel-preset-es2015": "^6.9.0",
      "babel-preset-es2015-loose": "^8.0.0",
      "babel-preset-stage-0": "^6.5.0",
      "browser-sync": "^2.13.0",
      "eslint": "^3.1.1",
      "eslint-config-google": "^0.6.0",
      "gulp": "^3.9.1",
      "gulp-autoprefixer": "^3.1.0",
      "gulp-babel": "^6.1.2",
      "gulp-clean-css": "^2.0.11",
      "gulp-concat": "^2.6.0",
      "gulp-imagemin": "^3.0.1",
      "gulp-order": "^1.1.1",
      "gulp-sass": "^2.3.2",
      "gulp-uglify": "^1.5.4",
      "oldie": "^1.3.0",
      "postcss-unrgba": "^1.1.1"
    },
    "author": "Fanz",
    "license": "ISC"
  }

yarn manifest: 
  No manifest

bower manifest: 
  No manifest

Lockfile: 
  No lockfile

Trace: 
  Error: EEXIST: file already exists, mkdir '/Users/StephenCurry/Documents/Fanz/HuanQiu/fengshangshengdian/node_modules/autoprefixer'
