Arguments: 
  /usr/local/bin/node /usr/local/bin/yarn install

PATH: 
  /usr/local/bin:/usr/bin:/bin:/usr/sbin:/sbin:/Applications/Wireshark.app/Contents/MacOS:/Users/huanqiu/Library/Android/sdk/tools:/Users/huanqiu/Library/Android/sdk/platform-tools

Yarn version: 
  0.27.5

Node version: 
  6.11.1

Platform: 
  darwin x64

npm manifest: 
  {
    "name": "wx-manager",
    "version": "0.0.0",
    "private": true,
    "scripts": {
      "start": "node ./bin/www"
    },
    "dependencies": {
      "body-parser": "~1.17.1",
      "cookie-parser": "~1.4.3",
      "debug": "~2.6.3",
      "express": "~4.15.2",
      "jade": "~1.11.0",
      "morgan": "~1.8.1",
      "serve-favicon": "~2.4.2"
    }
  }

yarn manifest: 
  No manifest

Lockfile: 
  No lockfile

Trace: 
  Error: EACCES: permission denied, mkdir '/Users/huanqiu/Library/Caches/Yarn/v1/npm-morgan-1.8.2-784ac7734e4a453a9c6e6e8680a9329275c8b687'
      at Error (native)
