Arguments: 
  /usr/local/bin/node /usr/local/bin/yarn install

PATH: 
  /usr/bin:/bin:/usr/sbin:/sbin:/usr/local/bin:/opt/X11/bin

Yarn version: 
  0.16.1

Node version: 
  7.0.0

Platform: 
  darwin x64

npm manifest: 
  {
    "devDependencies": {
      "babel-core": "^6.18.2",
      "babel-loader": "^6.2.7",
      "babel-plugin-transform-es3-member-expression-literals": "^6.8.0",
      "babel-plugin-transform-es3-property-literals": "^6.8.0",
      "babel-preset-es2015": "^6.18.0",
      "babel-preset-stage-0": "^6.16.0",
      "browser-sync": "^2.17.5",
      "cssgrace": "^3.0.0",
      "eslint": "^3.9.1",
      "eslint-config-standard": "^6.2.1",
      "eslint-plugin-promise": "^3.3.0",
      "eslint-plugin-standard": "^2.0.1",
      "gulp": "^3.9.1",
      "gulp-autoprefixer": "^3.1.1",
      "gulp-clean-css": "^2.0.13",
      "gulp-filter": "^4.0.0",
      "gulp-imagemin": "^3.1.0",
      "gulp-plumber": "^1.1.0",
      "gulp-postcss": "^6.2.0",
      "gulp-replace": "^0.5.4",
      "gulp-sass": "^2.3.2",
      "gulp-sourcemaps": "^2.2.0",
      "gulp-util": "^3.0.7",
      "webpack": "^1.13.3",
      "webpack-stream": "^3.2.0"
    }
  }

yarn manifest: 
  No manifest

bower manifest: 
  No manifest

Lockfile: 
  No lockfile

Trace: 
  Error: read ETIMEDOUT
      at exports._errnoException (util.js:1026:11)
      at TLSWrap.onread (net.js:572:26)
